1
3
4
7
9
10
11
12
13
15
16
17
19
20
22
24
26
27
28
29
32
34
36
37
39
40
42
44
45
46
47
48
50
53
54
55
56
58
60
62
64
65
67
70
71
73
74
78
81
85
87
90
91
93
94
96
97
101
104
105
106
107
109
111
114
115
117
118
119
120
121
124
125
128
130
131
132
136
137
139
142
143
144
145
148
149
151
152
155
156
157
158
159
163
165
166
175
176
178
180
181
182
183
184
187
190
193
195
198
199
200
201
202
203
204
208
209
210
211
213
217
218
222
223
225
228
230
232
233
236
237
241
242
244
245
246
247
249
250
253
254
258
259
260
261
262
263
268
269
271
272
276
277
278
280
282
283
284
285
287
290
292
293
297
298
299
300
302
303
305
306
308
309
317
318
319
320
321
324
325
327
328
329
330
331
332
333
334
336
337
338
339
340
343
345
346
348
350
352
353
354
355
356
357
358
362
363
364
367
370
374
375
376
378
382
383
384
385
388
389
390
392
393
394
395
396
397
398
400
404
405
406
407
409
411
413
415
416
421
422
424
426
428
430
432
433
434
435
439
440
441
446
447
449
450
452
454
455
456
457
459
460
462
469
472
476
478
481
482
483
486
487
488
489
490
491
493
494
496
499
500
501
502
508
509
511
513
514
516
517
518
519
520
521
522
523
524
530
532
533
538
539
540
541
544
545
548
549
550
551
553
554
555
556
565
566
567
568
569
571
572
573
576
577
580
581
585
588
590
591
592
593
596
597
598
599
600
601
602
604
606
608
610
611
613
615
616
618
619
620
622
623
627
629
630
631
635
636
640
641
643
644
645
646
647
648
649
650
652
655
657
660
663
667
668
670
673
674
677
681
683
684
687
688
689
690
691
692
694
697
699
700
701
702
703
705
707
708
711
712
714
715
716
718
719
720
721
723
724
725
730
732
733
735
736
739
740
741
742
747
751
752
753
754
756
758
765
771
772
773
775
776
777
778
779
781
782
783
784
787
788
791
793
794
796
797
798
799
801
802
803
805
806
808
810
812
813
817
819
821
823
824
825
826
830
831
832
833
835
836
838
839
840
841
842
843
845
847
848
849
851
852
853
855
856
857
858
860
862
863
864
868
869
870
871
872
874
876
880
882
884
886
889
892
894
895
897
898
903
905
906
909
910
912
913
914
915
918
920
921
923
924
925
926
931
935
938
940
941
946
949
950
953
956
957
959
960
963
970
972
974
975
980
981
983
992
996
997
998
1002
1003
1004
1006
1007
1009
1010
1014
1015
1018
1020
1022
1025
1027
1030
1035
1037
1039
1040
1042
1043
1044
1045
1046
1047
1048
1049
1053
1054
1055
1056
1057
1059
1060
1061
1062
1068
1069
1071
1072
1074
1075
1077
1079
1080
1082
1083
1084
1085
1086
1089
1090
1092
1094
1095
1099
1100
1101
1105
1106
1107
1108
1109
1110
1112
1115
1116
1117
1120
1121
1123
1124
1125
1126
1127
1128
1131
1133
1134
1140
1141
1142
1143
1144
1145
1146
1148
1150
1151
1152
1154
1155
1157
1158
1159
1165
1167
1168
1169
1171
1172
1173
1175
1176
1177
1178
1179
1183
1186
1187
1190
1193
1194
1195
1196
1198
1200
1201
1203
1205
1207
1208
1209
1210
1212
1213
1215
1220
1223
1224
1227
1228
1230
1231
1232
1235
1236
1237
1239
1243
1248
1249
1250
1253
1257
1259
1260
1261
1262
1263
1265
1266
1267
1270
1271
1272
1274
1275
1276
1277
1278
1280
1282
1283
1285
1286
1287
1290
1291
1292
1295
1297
1298
1300
1301
1302
1305
1306
1307
1309
1311
1315
1317
1318
1319
1320
1321
1323
1325
1326
1327
1328
1329
1330
1331
1332
1334
1337
1338
1339
1340
1343
1345
1348
1350
1352
1353
1354
1357
1358
1360
1361
1364
1365
1366
1367
1368
1369
1372
1374
1377
1382
1386
1387
1388
1389
1390
1392
1395
1396
1399
1401
1402
1403
1405
1408
1409
1410
1412
1413
1414
1416
1417
1419
1421
1422
1424
1427
1428
1430
1431
1432
1433
1434
1436
1437
1439
1440
1441
1442
1444
1446
1448
1450
1455
1456
1457
1459
1460
1462
1464
1465
1468
1470
1473
1475
1483
1484
1487
1488
1490
1491
1495
1498
1499
1504
1510
1511
1514
1515
1517
1520
1524
1528
1529
1530
1531
1532
1533
1535
1536
1537
1538
1540
1541
1542
1543
1546
1548
1551
1554
1556
1557
1558
1560
1562
1566
1567
1568
1569
1572
1573
1574
1575
1576
1577
1578
1579
1581
1582
1583
1586
1587
1588
1589
1590
1592
1593
1595
1596
1597
1598
1599
1600
1601
1602
1603
1604
1605
1607
1608
1609
1610
1611
1612
1614
1616
1617
1618
1621
1623
1624
1625
1626
1627
1628
1629
1631
1632
1634
1637
1638
1642
1644
1645
1646
1648
1650
1653
1654
1656
1660
1662
1667
1669
1670
1673
1674
1675
1676
1677
1678
1681
1682
1685
1686
1687
1688
1693
1695
1696
1697
1699
1700
1701
1702
1703
1704
1705
1706
1708
1709
1710
1713
1716
1718
1719
1720
1721
1726
1728
1729
1730
1731
1733
1734
1735
1737
1738
1739
1740
1743
1744
1746
1747
1748
1749
1750
1752
1756
1757
1759
1760
1761
1762
1763
1766
1767
1769
1770
1772
1774
1775
1777
1778
1779
1782
1784
1785
1786
1788
1797
1798
1800
1801
1803
1804
1808
1811
1817
1818
1819
1821
1824
1825
1826
1829
1832
1833
1834
1836
1838
1839
1840
1841
1842
1843
1844
1845
1846
1847
1848
1850
1851
1853
1854
1858
1860
1861
1865
1866
1867
1869
1871
1873
1874
1877
1878
1879
1880
1881
1884
1885
1886
1887
1888
1894
1895
1898
1900
1901
1907
1911
1912
1913
1914
1915
1916
1917
1919
1920
1921
1924
1925
1927
1928
1930
1931
1932
1934
1936
1938
1940
1942
1944
1946
1947
1948
1951
1952
1955
1956
1957
1958
1959
1961
1962
1963
1964
1965
1966
1971
1973
1976
1977
1978
1980
1982
1984
1985
1986
1989
1991
1993
1994
1996
1998
2001
2002
2004
2007
2008
2010
2014
2015
2016
2019
2020
2021
2022
2023
2025
2026
2027
2030
2031
2033
2034
2036
2039
2041
2042
2043
2044
2047
2048
2049
2050
2051
2052
2053
2060
2061
2063
2064
2065
2066
2067
2068
2069
2070
2071
2072
2073
2074
2075
2079
2081
2083
2084
2085
2086
2088
2089
2092
2094
2097
2098
2104
2105
2108
2110
2116
2117
2118
2119
2120
2121
2122
2125
2130
2132
2133
2134
2135
2136
2137
2139
2141
2142
2143
2146
2148
2149
2150
2151
2152
2153
2154
2157
2158
2159
2163
2164
2165
2166
2167
2169
2170
2171
2172
2175
2176
2178
2181
2182
2183
2185
2186
2187
2188
2191
2193
2196
2199
2200
2205
2206
2207
2208
2209
2210
2211
2212
2213
2214
2217
2219
2222
2223
2224
2226
2229
2230
2231
2233
2235
2236
2237
2243
2247
2249
2250
2251
2252
2255
2257
2258
2260
2261
2263
2265
2267
2270
2271
2272
2274
2275
2277
2278
2280
2281
2282
2283
2284
2285
2286
2287
2289
2291
2292
2293
2295
2298
2300
2301
2302
2303
2304
2305
2306
2307
2308
2309
2313
2314
2316
2318
2320
2322
2324
2326
2328
2331
2332
2334
2339
2340
2350
2351
2352
2353
2355
2356
2358
2361
2365
2366
2368
2369
2374
2375
2377
2379
2380
2382
2385
2386
2390
2395
2396
2398
2399
2400
2401
2402
2403
2405
2406
2407
2408
2409
2411
2412
2413
2414
2415
2417
2418
2425
2426
2429
2430
2431
2432
2433
2439
2442
2444
2445
2447
2448
2451
2452
2455
2457
2458
2459
2461
2462
2463
2466
2467
2468
2469
2470
2471
2472
2474
2475
2477
2479
2480
2482
2484
2485
2487
2488
2490
2492
2493
2494
2495
2497
2500
2503
2504
2510
2513
2514
2515
2517
2518
2519
2521
2522
2524
2525
2526
2530
2533
2534
2535
2536
2539
2542
2544
2546
2547
2548
2550
2554
2556
2557
2559
2560
2562
2566
2567
2569
2570
2571
2572
2573
2574
2577
2578
2579
2580
2584
2591
2592
2593
2594
2595
2596
2597
2598
2599
2602
2603
2605
2606
2608
2609
2614
2616
2617
2618
2619
2622
2623
2624
2629
2630
2631
2633
2635
2637
2640
2641
2642
2643
2647
2648
2649
2652
2654
2655
2657
2658
2661
2666
2667
2669
2671
2672
2673
2677
2680
2681
2684
2687
2689
2691
2692
2694
2695
2696
2700
2705
2706
2707
2708
2709
2710
2712
2713
2714
2716
2717
2718
2720
2721
2723
2725
2729
2730
2731
2733
2734
2737
2738
2739
2740
2742
2743
2745
2746
2747
2749
2751
2755
2756
2757
2758
2760
2761
2764
2765
2766
2767
2771
2773
2775
2776
2777
2779
2781
2782
2785
2786
2787
2789
2790
2792
2794
2796
2797
2798
2799
2801
2804
2805
2806
2807
2808
2812
2817
2818
2819
2820
2822
2823
2825
2828
2829
2830
2831
2833
2834
2835
2837
2838
2839
2844
2846
2850
2852
2853
2857
2859
2860
2861
2864
2866
2867
2868
2870
2871
2872
2873
2874
2875
2876
2877
2878
2879
2881
2883
2884
2885
2889
2891
2895
2896
2897
2898
2900
2903
2904
2905
2906
2911
2915
2918
2920
2921
2922
2923
2925
2926
2927
2931
2933
2936
2937
2938
2941
2942
2943
2944
2945
2947
2949
2951
2952
2953
2954
2956
2958
2961
2962
2963
2964
2965
2966
2968
2970
2971
2973
2975
2976
2978
2979
2982
2983
2985
2987
2988
2989
2990
2991
2992
2994
2996
2997
2998
3000
3001
3007
3008
3010
3011
3012
3013
3014
3015
3017
3018
3020
3021
3022
3023
3024
3028
3030
3031
3033
3034
3036
3037
3038
3039
3043
3044
3045
3048
3052
3053
3054
3056
3057
3058
3059
3060
3062
3063
3064
3067
3068
3069
3071
3072
3075
3077
3078
3081
3086
3088
3089
3091
3092
3094
3095
3096
3098
3099
3101
3103
3107
3108
3109
3110
3113
3115
3117
3118
3121
3122
3123
3126
3127
3128
3129
3131
3132
3133
3134
3135
3137
3138
3139
3140
3142
3145
3146
3147
3149
3151
3152
3153
3155
3157
3158
3159
3160
3162
3164
3165
3168
3169
3170
3171
3172
3174
3175
3176
3177
3178
3179
3180
3181
3183
3184
3187
3188
3189
3190
3192
3194
3195
3196
3197
3198
3200
3201
3204
3205
3207
3209
3210
3212
3213
3214
3215
3216
3217
3219
3220
3221
3222
3223
3224
3228
3230
3234
3235
3237
3238
3239
3240
3242
3245
3249
3250
3253
3254
3255
3256
3260
3261
3263
3264
3265
3266
3268
3270
3271
3272
3274
3280
3283
3284
3285
3286
3288
3291
3292
3293
3294
3296
3299
3301
3303
3308
3309
3312
3313
3318
3319
3323
3325
3326
3327
3328
3329
3331
3332
3333
3335
3338
3339
3340
3341
3343
3346
3347
3349
3350
3354
3357
3358
3361
3364
3366
3368
3369
3370
3371
3375
3376
3378
3379
3380
3381
3382
3383
3385
3387
3389
3390
3391
3392
3395
3398
3400
3402
3406
3409
3410
3411
3414
3415
3417
3418
3419
3420
3425
3428
3429
3430
3431
3432
3433
3435
3436
3437
3440
3444
3447
3448
3450
3453
3456
3457
3460
3463
3466
3469
3470
3471
3472
3473
3474
3475
3477
3478
3481
3482
3485
3486
3487
3490
3491
3492
3493
3495
3496
3497
3500
3501
3502
3504
3507
3516
3518
3520
3523
3524
3525
3526
3529
3530
3531
3536
3537
3538
3541
3544
3545
3551
3554
3556
3557
3559
3562
3563
3566
3567
3568
3570
3573
3575
3576
3577
3580
3581
3582
3585
3588
3589
3591
3592
3595
3596
3598
3600
3604
3607
3608
3609
3610
3611
3612
3613
3614
3617
3621
3623
3624
3627
3628
3629
3632
3633
3634
3635
3636
3637
3638
3639
3640
3641
3642
3643
3644
3645
3647
3648
3649
3650
3651
3652
3653
3655
3656
3658
3662
3663
3667
3669
3670
3671
3675
3677
3678
3682
3683
3685
3686
3687
3689
3690
3691
3693
3694
3695
3696
3697
3699
3701
3702
3703
3704
3706
3709
3713
3714
3717
3719
3720
3721
3724
3725
3727
3728
3730
3731
3732
3733
3734
3737
3738
3739
3740
3742
3744
3745
3746
3747
3748
3749
3751
3752
3754
3755
3756
3757
3758
3759
3760
3763
3765
3766
3767
3768
3769
3771
3772
3776
3777
3778
3779
3781
3784
3785
3786
3787
3789
3791
3792
3793
3797
3800
3801
3802
3803
3806
3808
3810
3813
3814
3815
3816
3817
3818
3819
3821
3822
3823
3824
3825
3827
3828
3830
3831
3832
3836
3839
3840
3841
3843
3845
3846
3847
3848
3850
3852
3858
3859
3862
3863
3866
3869
3870
3871
3872
3873
3875
3876
3877
3878
3879
3880
3881
3882
3883
3892
3893
3894
3907
3909
3910
3913
3914
3915
3919
3921
3923
3924
3925
3926
3928
3930
3932
3933
3934
3935
3937
3938
3943
3944
3945
3947
3948
3949
3950
3952
3956
3957
3960
3961
3962
3965
3970
3971
3972
3973
3974
3975
3976
3978
3979
3980
3986
3990
3991
3992
3993
3996
3997
3998
3999
4000
4001
4006
4007
4009
4012
4014
4015
4016
4017
4019
4020
4022
4025
4026
4028
4029
4030
4032
4033
4034
4036
4037
4044
4048
4050
4051
4054
4055
4056
4060
4061
4062
4063
4064
4065
4068
4069
4070
4071
4072
4076
4079
4081
4082
4084
4085
4086
4087
4088
4089
4095
4096
4097
4099
4100
4101
4102
4103
4104
4107
4108
4109
4112
4113
4114
4115
4116
4118
4119
4120
4121
4122
4123
4124
4125
4127
4129
4130
4134
4135
4136
4137
4138
4140
4141
4142
4143
4144
4147
4150
4152
4154
4155
4160
4161
4162
4164
4166
4167
4169
4171
4173
4176
4177
4178
4183
4184
4185
4186
4189
4190
4193
4194
4195
4197
4200
4201
4205
4211
4212
4213
4214
4215
4216
4224
4226
4227
4229
4231
4233
4234
4237
4238
4243
4244
4248
4249
4250
4251
4252
4253
4255
4256
4257
4258
4260
4261
4262
4263
4264
4265
4267
4268
4269
4270
4272
4279
4280
4281
4282
4283
4284
4285
4286
4288
4289
4290
4291
4292
4294
4295
4296
4297
4299
4300
4301
4302
4305
4306
4307
4309
4310
4311
4314
4315
4317
4318
4322
4324
4325
4327
4331
4332
4333
4335
4336
4338
4339
4340
4341
4343
4348
4350
4352
4354
4355
4356
4358
4363
4364
4367
4369
4371
4373
4374
4382
4383
4385
4388
4389
4390
4394
4395
4400
4404
4405
4407
4408
4409
4410
4411
4413
4420
4423
4427
4428
4431
4432
4436
4437
4438
4439
4442
4446
4447
4450
4451
4453
4454
4455
4456
4459
4462
4463
4464
4466
4468
4469
4473
4474
4477
4480
4481
4482
4484
4485
4486
4488
4489
4490
4493
4494
4496
4497
4498
4501
4504
4505
4506
4507
4509
4510
4514
4515
4518
4519
4520
4521
4522
4524
4526
4527
4528
4530
4531
4532
4535
4536
4537
4539
4540
4541
4545
4547
4548
4550
4551
4552
4553
4554
4555
4559
4561
4562
4565
4566
4568
4569
4572
4574
4577
4578
4580
4581
4582
4583
4587
4588
4592
4593
4594
4597
4602
4603
4604
4605
4606
4607
4608
4612
4613
4614
4615
4619
4620
4621
4623
4626
4627
4628
4629
4631
4632
4636
4642
4643
4645
4648
4649
4655
4658
4661
4663
4664
4665
4666
4667
4668
4669
4670
4672
4673
4674
4675
4680
4682
4684
4685
4688
4689
4690
4691
4693
4694
4701
4703
4706
4707
4709
4710
4712
4714
4715
4716
4718
4723
4724
4725
4729
4730
4731
4732
4733
4734
4735
4736
4737
4740
4741
4743
4745
4746
4749
4750
4753
4754
4756
4757
4762
4763
4764
4765
4766
4767
4768
4769
4770
4771
4773
4775
4776
4777
4782
4783
4785
4786
4788
4790
4791
4792
4797
4798
4800
4804
4807
4810
4811
4814
4816
4817
4823
4826
4828
4829
4830
4831
4832
4833
4834
4837
4840
4842
4845
4846
4848
4852
4855
4858
4860
4862
4863
4864
4868
4869
4870
4871
4872
4873
4877
4878
4879
4880
4881
4883
4885
4889
4890
4891
4894
4897
4898
4899
4900
4901
4902
4904
4905
4906
4907
4908
4909
4910
4912
4914
4917
4918
4919
4920
4923
4927
4928
4929
4930
4932
4933
4934
4937
4944
4945
4946
4947
4949
4950
4951
4952
4954
4957
4958
4959
4960
4962
4964
4965
4966
4967
4968
4969
4970
4972
4974
4975
4976
4981
4982
4983
4984
4985
4988
4989
4990
4994
4997
4998
4999
5001
5004
5006
5007
5008
5009
5012
5013
5015
5016
5018
5019
5022
5024
5029
5030
5031
5035
5036
5037
5038
5039
5041
5042
5043
5044
5049
5053
5054
5055
5056
5057
5058
5061
5064
5066
5068
5071
5072
5073
5075
5078
5084
5089
5090
5091
5093
5094
5095
5097
5099
5103
5104
5105
5108
5109
5113
5115
5116
5117
5119
5120
5121
5122
5123
5124
5125
5127
5128
5130
5132
5133
5134
5136
5137
5139
5143
5148
5150
5151
5152
5153
5157
5158
5161
5162
5164
5165
5170
5174
5177
5178
5179
5184
5185
5186
5187
5189
5191
5193
5196
5197
5198
5201
5202
5204
5205
5206
5207
5208
5209
5211
5213
5214
5215
5217
5218
5219
5220
5221
5222
5223
5224
5225
5228
5230
5231
5232
5234
5235
5237
5238
5239
5240
5241
5242
5243
5244
5245
5250
5257
5258
5261
5262
5265
5266
5267
5269
5271
5272
5274
5275
5276
5277
5278
5279
5283
5284
5286
5287
5288
5290
5292
5293
5294
5296
5297
5298
5299
5300
5301
5302
5305
5306
5308
5309
5310
5313
5314
5315
5316
5318
5319
5321
5323
5324
5325
5326
5327
5330
5331
5332
5334
5335
5336
5338
5339
5340
5342
5349
5351
5355
5356
5357
5358
5363
5368
5370
5372
5373
5375
5376
5377
5378
5382
5383
5385
5386
5388
5390
5391
5393
5397
5399
5400
5402
5403
5404
5405
5406
5409
5410
5411
5412
5413
5414
5415
5416
5417
5418
5419
5420
5421
5422
5423
5424
5426
5427
5428
5429
5431
5432
5433
5436
5438
5439
5443
5445
5446
5447
5448
5452
5454
5455
5456
5457
5458
5460
5461
5462
5464
5467
5469
5471
5472
5473
5476
5480
5484
5486
5487
5489
5490
5492
5493
5496
5497
5499
5500
5502
5508
5509
5510
5511
5512
5513
5514
5515
5518
5519
5520
5524
5526
5527
5528
5530
5531
5534
5536
5538
5539
5540
5541
5542
5543
5544
5546
5547
5549
5550
5551
5555
5556
5557
5558
5559
5560
5563
5564
5565
5566
5572
5573
5574
5576
5578
5580
5581
5582
5583
5584
5585
5588
5589
5590
5592
5597
5598
5600
5601
5603
5604
5605
5606
5607
5608
5609
5610
5611
5612
5619
5625
5628
5629
5630
5632
5633
5634
5636
5637
5639
5641
5643
5650
5651
5653
5655
5656
5657
5658
5660
5662
5663
5664
5665
5667
5669
5670
5671
5672
5673
5676
5678
5679
5684
5686
5687
5688
5689
5690
5691
5692
5695
5700
5701
5702
5705
5708
5710
5711
5715
5719
5720
5721
5723
5726
5727
5731
5732
5734
5735
5737
5740
5742
5744
5747
5749
5751
5752
5756
5757
5758
5759
5760
5761
5762
5764
5765
5766
5767
5768
5769
5770
5771
5779
5783
5784
5786
5787
5789
5790
5791
5792
5793
5794
5797
5798
5799
5800
5802
5804
5805
5807
5810
5811
5812
5814
5815
5816
5820
5822
5824
5825
5826
5830
5832
5833
5837
5838
5839
5842
5843
5844
5846
5848
5849
5851
5852
5854
5855
5856
5859
5860
5862
5864
5865
5867
5873
5875
5877
5878
5879
5881
5882
5885
5886
5887
5888
5889
5890
5891
5892
5893
5894
5896
5900
5904
5905
5906
5907
5909
5910
5911
5912
5913
5916
5917
5918
5919
5920
5921
5922
5923
5925
5928
5929
5931
5932
5934
5937
5938
5939
5940
5941
5943
5945
5946
5951
5954
5958
5960
5961
5962
5963
5965
5968
5969
5970
5972
5973
5974
5975
5976
5977
5978
5979
5981
5982
5983
5985
5986
5987
5990
5991
5996
5997
5999
6001
6005
6006
6008
6010
6011
6016
6018
6019
6023
6024
6025
6026
6028
6032
6033
6035
6036
6037
6038
6040
6043
6044
6045
6048
6049
6050
6051
6053
6055
6057
6060
6062
6063
6064
6065
6066
6070
6071
6072
6073
6074
6075
6077
6078
6081
6082
6084
6086
6087
6088
6089
6090
6095
6100
6102
6105
6107
6108
6110
6111
6112
6113
6114
6116
6117
6119
6120
6121
6122
6123
6125
6126
6130
6131
6132
6133
6134
6135
6136
6137
6138
6141
6143
6144
6145
6146
6147
6148
6149
6150
6151
6152
6153
6157
6158
6159
6160
6161
6163
6164
6167
6172
6179
6180
6181
6182
6183
6184
6187
6188
6191
6192
6196
6197
6200
6202
6203
6208
6211
6212
6213
6215
6216
6217
6220
6221
6223
6224
6226
6228
6229
6231
6234
6236
6237
6239
6240
6241
6242
6243
6244
6245
6247
6248
6249
6251
6254
6257
6258
6260
6261
6262
6268
6269
6270
6273
6275
6278
6279
6282
6283
6284
6285
6286
6287
6288
6289
6290
6293
6294
6297
6298
6300
6301
6303
6304
6307
6308
6309
6314
6315
6318
6319
6321
6327
6328
6329
6332
6333
6334
6336
6337
6340
6341
6342
6344
6345
6346
6347
6348
6349
6350
6351
6352
6353
6354
6358
6359
6360
6361
6362
6363
6366
6367
6368
6370
6371
6372
6373
6377
6378
6380
6381
6382
6383
6384
6385
6386
6387
6388
6391
6392
6393
6395
6396
6400
6401
6402
6404
6406
6407
6408
6409
6410
6411
6413
6415
6417
6418
6419
6422
6423
6425
6427
6428
6429
6430
6432
6434
6436
6437
6440
6444
6445
6447
6448
6449
6451
6452
6453
6454
6455
6457
6460
6466
6467
6469
6470
6472
6474
6475
6481
6483
6487
6489
6490
6491
6492
6493
6495
6497
6500
6502
6504
6505
6506
6507
6508
6510
6511
6512
6513
6514
6515
6516
6520
6521
6522
6524
6526
6528
6533
6534
6535
6538
6540
6543
6544
6545
6546
6549
6550
6559
6560
6562
6564
6565
6567
6568
6569
6571
6574
6575
6577
6578
6581
6583
6585
6587
6588
6589
6592
6594
6595
6596
6597
6598
6599
6600
6602
6603
6604
6605
6606
6607
6611
6614
6615
6618
6619
6620
6621
6622
6623
6624
6627
6628
6630
6631
6632
6633
6634
6637
6639
6642
6643
6644
6645
6648
6652
6653
6654
6656
6658
6659
6660
6661
6662
6667
6668
6671
6672
6677
6680
6682
6683
6685
6686
6690
6691
6695
6696
6700
6705
6708
6710
6711
6712
6718
6719
6723
6725
6727
6728
6729
6730
6731
6732
6733
6734
6735
6736
6737
6738
6741
6742
6743
6744
6745
6747
6748
6749
6750
6751
6753
6754
6755
6757
6758
6759
6761
6763
6764
6765
6766
6767
6768
6769
6771
6773
6775
6776
6778
6780
6781
6782
6784
6785
6786
6787
6788
6791
6792
6793
6799
6800
6801
6802
6806
6810
6812
6819
6820
6822
6824
6826
6828
6829
6837
6838
6839
6840
6844
6846
6848
6849
6851
6853
6854
6855
6856
6859
6860
6861
6862
6863
6868
6869
6873
6874
6876
6880
6882
6886
6889
6890
6893
6896
6902
6903
6904
6905
6907
6909
6910
6911
6912
6915
6916
6918
6920
6921
6922
6923
6924
6930
6931
6932
6933
6934
6936
6937
6938
6940
6942
6945
6949
6951
6953
6955
6959
6960
6963
6966
6967
6969
6970
6971
6972
6974
6975
6977
6980
6982
6984
6985
6987
6988
6989
6993
6995
6996
6997
7000
7002
7007
7008
7012
7015
7016
7017
7018
7019
7020
7022
7023
7025
7028
7029
7031
7032
7034
7035
7036
7037
7038
7039
7043
7045
7048
7050
7051
7053
7054
7055
7056
7058
7060
7064
7065
7067
7068
7069
7070
7071
7072
7073
7074
7075
7078
7080
7081
7082
7083
7084
7086
7088
7089
7090
7091
7092
7096
7097
7100
7102
7104
7105
7106
7109
7110
7111
7112
7113
7116
7118
7119
7120
7121
7122
7125
7126
7127
7128
7130
7136
7137
7139
7140
7145
7146
7147
7148
7149
7151
7152
7153
7156
7158
7159
7160
7161
7163
7164
7165
7167
7168
7169
7170
7171
7177
7178
7179
7180
7181
7183
7185
7186
7188
7192
7195
7196
7198
7199
7202
7203
7205
7206
7207
7208
7209
7210
7211
7212
7213
7216
7217
7221
7222
7225
7227
7228
7229
7231
7232
7233
7234
7235
7236
7237
7239
7240
7241
7242
7244
7249
7252
7253
7254
7255
7256
7257
7261
7262
7266
7269
7270
7271
7272
7273
7274
7275
7276
7278
7279
7280
7283
7284
7285
7286
7287
7288
7289
7290
7292
7293
7294
7297
7298
7300
7301
7302
7304
7305
7306
7307
7308
7309
7312
7313
7314
7316
7320
7321
7322
7323
7324
7325
7327
7328
7331
7332
7333
7335
7336
7337
7340
7341
7344
7345
7347
7348
7349
7351
7352
7355
7356
7357
7360
7362
7363
7366
7367
7370
7371
7372
7373
7374
7375
7376
7378
7379
7381
7384
7385
7387
7390
7392
7393
7394
7396
7398
7399
7400
7401
7404
7405
7406
7408
7409
7410
7411
7413
7414
7417
7418
7419
7420
7421
7422
7423
7424
7425
7426
7427
7428
7430
7432
7433
7434
7436
7439
7441
7442
7443
7446
7448
7449
7451
7454
7455
7456
7460
7461
7462
7464
7465
7466
7467
7469
7470
7471
7472
7473
7474
7476
7479
7480
7486
7487
7489
7491
7492
7493
7495
7497
7499
7502
7503
7504
7505
7506
7507
7508
7509
7510
7512
7514
7515
7518
7520
7521
7523
7524
7527
7529
7530
7531
7534
7535
7536
7537
7539
7540
7541
7542
7544
7545
7547
7548
7549
7550
7552
7556
7557
7560
7562
7564
7565
7566
7567
7568
7574
7575
7576
7577
7579
7581
7583
7586
7588
7591
7593
7595
7597
7601
7603
7604
7605
7606
7608
7609
7610
7611
7612
7613
7617
7619
7620
7621
7622
7624
7625
7626
7629
7630
7631
7633
7634
7635
7636
7638
7640
7641
7642
7644
7645
7646
7647
7648
7652
7654
7656
7658
7659
7660
7661
7662
7663
7664
7667
7668
7669
7672
7674
7676
7677
7678
7680
7681
7682
7683
7684
7685
7686
7687
7689
7693
7694
7696
7698
7699
7700
7705
7707
7710
7711
7712
7714
7718
7720
7721
7724
7728
7729
7730
7731
7732
7733
7736
7738
7739
7743
7744
7745
7747
7748
7749
7750
7751
7754
7755
7757
7758
7759
7760
7762
7765
7766
7767
7772
7773
7774
7776
7777
7779
7782
7784
7785
7786
7789
7791
7792
7793
7796
7797
7799
7800
7802
7803
7804
7805
7806
7808
7809
7811
7813
7815
7816
7817
7818
7819
7821
7826
7829
7831
7832
7833
7834
7835
7837
7839
7840
7841
7844
7845
7846
7847
7848
7849
7853
7857
7858
7859
7860
7861
7863
7865
7866
7868
7871
7873
7874
7875
7876
7879
7880
7884
7885
7886
7887
7890
7893
7896
7898
7899
7900
7901
7902
7903
7905
7909
7912
7917
7919
7921
7922
7923
7924
7925
7926
7928
7930
7932
7934
7935
7937
7938
7940
7941
7946
7947
7949
7950
7951
7952
7953
7958
7960
7961
7964
7966
7968
7969
7972
7973
7974
7975
7977
7978
7979
7981
7982
7983
7988
7989
7995
7998
7999
8004
8006
8007
8008
8009
8011
8014
8016
8018
8020
8023
8024
8025
8027
8029
8032
8037
8038
8039
8041
8042
8044
8045
8048
8051
8052
8053
8055
8056
8063
8066
8070
8071
8072
8073
8074
8075
8076
8079
8080
8081
8082
8086
8087
8092
8094
8096
8098
8102
8103
8105
8111
8112
8114
8116
8117
8119
8122
8123
8124
8125
8132
8135
8136
8137
8138
8141
8142
8143
8145
8146
8147
8148
8150
8151
8152
8153
8154
8157
8159
8161
8163
8164
8166
8167
8168
8170
8171
8172
8173
8174
8176
8177
8178
8179
8181
8182
8183
8185
8186
8187
8188
8189
8193
8195
8196
8197
8198
8199
8200
8202
8203
8204
8206
8207
8211
8212
8214
8217
8218
8224
8225
8227
8228
8229
8230
8231
8233
8234
8237
8238
8241
8242
8244
8248
8249
8255
8259
8264
8265
8266
8267
8268
8269
8270
8272
8273
8274
8275
8276
8277
8279
8281
8282
8283
8284
8285
8287
8288
8290
8291
8293
8294
8296
8299
8303
8306
8307
8309
8310
8311
8312
8314
8315
8316
8317
8320
8321
8325
8326
8328
8332
8333
8334
8335
8336
8338
8339
8342
8346
8347
8350
8351
8354
8355
8356
8357
8361
8363
8365
8366
8367
8368
8369
8370
8371
8372
8373
8374
8377
8378
8379
8380
8381
8382
8383
8385
8387
8389
8390
8391
8392
8393
8395
8396
8399
8400
8401
8402
8406
8408
8409
8410
8413
8414
8415
8416
8419
8420
8426
8428
8432
8433
8435
8436
8437
8438
8439
8440
8442
8444
8446
8449
8450
8451
8452
8453
8456
8458
8460
8461
8462
8463
8465
8467
8468
8469
8470
8472
8473
8474
8476
8477
8479
8480
8481
8482
8483
8485
8488
8489
8490
8492
8493
8497
8499
8500
8501
8502
8505
8507
8508
8509
8510
8511
8514
8515
8518
8519
8520
8523
8524
8525
8529
8530
8531
8533
8534
8535
8536
8537
8539
8540
8541
8545
8546
8548
8549
8553
8554
8555
8557
8559
8561
8563
8564
8566
8567
8568
8570
8576
8578
8580
8581
8585
8590
8591
8593
8594
8596
8600
8601
8602
8603
8605
8607
8608
8609
8610
8615
8616
8620
8621
8622
8625
8626
8627
8628
8629
8632
8633
8635
8637
8638
8641
8643
8644
8646
8649
8650
8651
8654
8655
8656
8657
8658
8660
8661
8662
8665
8667
8670
8671
8673
8674
8675
8676
8677
8679
8680
8681
8682
8683
8684
8685
8687
8689
8690
8691
8694
8695
8696
8697
8700
8701
8703
8704
8707
8708
8709
8711
8712
8713
8716
8717
8718
8719
8720
8721
8723
8726
8729
8730
8731
8733
8734
8735
8744
8745
8746
8747
8748
8749
8750
8751
8752
8753
8755
8757
8758
8760
8761
8764
8765
8766
8769
8770
8771
8773
8774
8776
8779
8780
8781
8783
8784
8785
8786
8787
8788
8791
8794
8797
8800
8801
8802
8803
8808
8811
8812
8815
8816
8817
8819
8820
8821
8822
8823
8824
8825
8826
8829
8831
8832
8833
8834
8835
8836
8838
8840
8842
8844
8845
8846
8848
8851
8852
8853
8854
8856
8857
8859
8863
8864
8866
8868
8872
8873
8878
8879
8882
8883
8886
8888
8891
8892
8893
8894
8895
8896
8898
8901
8904
8906
8908
8910
8911
8912
8913
8916
8918
8919
8920
8921
8922
8923
8924
8925
8926
8928
8930
8933
8935
8936
8937
8939
8940
8944
8945
8946
8947
8950
8951
8952
8953
8954
8955
8957
8958
8959
8960
8961
8962
8963
8965
8969
8970
8972
8973
8976
8977
8979
8982
8983
8984
8989
8990
8991
8994
8996
8999
9000
9001
9003
9004
9005
9009
9011
9014
9015
9017
9020
9021
9022
9023
9024
9026
9027
9029
9030
9033
9037
9038
9041
9042
9043
9044
9046
9047
9048
9049
9050
9051
9054
9056
9057
9059
9061
9062
9064
9067
9068
9069
9070
9074
9075
9076
9077
9078
9079
9080
9082
9084
9085
9087
9088
9089
9091
9097
9098
9103
9104
9105
9106
9108
9109
9110
9116
9117
9118
9119
9121
9123
9124
9125
9126
9128
9129
9131
9132
9134
9135
9136
9137
9141
9144
9145
9147
9149
9152
9154
9155
9156
9158
9160
9161
9162
9163
9173
9174
9175
9176
9178
9180
9181
9183
9185
9186
9187
9189
9192
9194
9195
9196
9197
9198
9199
9200
9201
9203
9205
9207
9209
9210
9211
9216
9220
9222
9224
9225
9226
9227
9228
9233
9235
9238
9239
9240
9241
9242
9243
9244
9245
9248
9250
9252
9253
9254
9255
9257
9258
9259
9261
9263
9264
9266
9267
9268
9272
9273
9275
9281
9282
9283
9285
9286
9288
9290
9291
9292
9293
9294
9295
9296
9297
9300
9304
9305
9306
9309
9311
9316
9317
9318
9319
9322
9323
9324
9326
9330
9334
9336
9340
9341
9342
9344
9345
9347
9348
9349
9350
9352
9353
9354
9355
9356
9357
9358
9360
9364
9367
9368
9369
9371
9373
9376
9377
9378
9379
9385
9386
9391
9392
9393
9394
9395
9396
9398
9399
9402
9404
9406
9408
9414
9415
9417
9422
9424
9425
9426
9429
9432
9433
9435
9436
9437
9439
9440
9441
9443
9444
9445
9446
9449
9451
9452
9453
9454
9457
9458
9459
9460
9461
9462
9463
9465
9466
9468
9469
9470
9474
9475
9477
9481
9482
9483
9486
9487
9488
9490
9491
9492
9493
9494
9498
9499
9500
9501
9504
9505
9506
9508
9509
9510
9511
9514
9515
9516
9518
9523
9525
9529
9531
9532
9533
9534
9536
9539
9540
9541
9545
9546
9549
9553
9555
9556
9557
9558
9559
9561
9564
9565
9566
9567
9569
9570
9571
9575
9577
9579
9583
9585
9587
9589
9590
9591
9592
9593
9595
9596
9597
9598
9599
9600
9602
9604
9606
9607
9615
9616
9617
9619
9621
9625
9630
9633
9635
9638
9640
9642
9643
9646
9647
9649
9650
9651
9654
9657
9660
9662
9663
9665
9667
9668
9669
9673
9674
9675
9678
9680
9682
9683
9684
9685
9686
9687
9690
9691
9692
9694
9695
9696
9697
9703
9704
9706
9709
9710
9711
9712
9713
9714
9716
9718
9720
9721
9723
9724
9725
9728
9729
9730
9731
9733
9734
9735
9736
9738
9740
9741
9742
9743
9746
9747
9748
9750
9751
9752
9753
9754
9756
9757
9758
9760
9761
9762
9764
9766
9767
9768
9769
9770
9775
9777
9779
9782
9783
9785
9787
9788
9789
9790
9791
9792
9795
9796
9797
9798
9800
9802
9804
9805
9806
9807
9808
9810
9811
9812
9813
9815
9816
9817
9818
9822
9823
9824
9826
9827
9829
9833
9834
9835
9840
9842
9843
9845
9846
9847
9853
9854
9855
9859
9860
9861
9866
9867
9868
9869
9870
9872
9876
9877
9879
9880
9885
9888
9890
9891
9892
9894
9896
9897
9898
9899
9901
9902
9908
9909
9910
9911
9914
9918
9919
9920
9922
9924
9925
9926
9927
9928
9930
9931
9933
9934
9935
9937
9938
9940
9942
9945
9947
9949
9950
9951
9952
9953
9954
9955
9956
9961
9963
9964
9968
9971
9972
9975
9978
9979
9980
9981
9983
9989
9990
9991
9992
9993
9994
9995
9997
9998
9999
10000
10001
10003
10006
10007
10008
10010
10011
10014
10015
10016
10017
10018
10022
10023
10024
10025
10027
10028
10029
10030
10032
10037
10038
10039
10040
10042
10044
10045
10046
10047
10048
10050
10051
10054
10055
10056
10058
10059
10061
10063
10069
10072
10075
10076
10077
10083
10085
10086
10088
10090
10092
10094
10097
10098
10099
10100
10101
10102
10104
10105
10107
10108
10109
10110
10111
10112
10115
10116
10117
10119
10120
10121
10122
10123
10124
10125
10126
10129
10130
10131
10132
10134
10135
10136
10137
10140
10141
10142
10143
10144
10145
10146
10147
10149
10150
10152
10153
10154
10157
10159
10161
10165
10166
10167
10168
10170
10171
10172
10179
10180
10182
10184
10185
10186
10189
10190
10191
10192
10194
10196
10197
10198
10199
10201
10202
10203
10204
10205
10206
10207
10208
10211
10213
10214
10217
10218
10222
10223
10228
10229
10230
10234
10235
10237
10239
10240
10241
10244
10245
10246
10252
10255
10257
10258
10259
10261
10263
10265
10268
10269
10271
10272
10273
10274
10276
10277
10279
10280
10282
10288
10290
10291
10292
10294
10297
10299
10300
10301
10305
10307
10308
10309
10312
10317
10319
10320
10325
10328
10329
10330
10331
10334
10335
10337
10338
10339
10340
10341
10344
10348
10353
10354
10355
10356
10357
10359
10360
10362
10363
10365
10368
10369
10370
10371
10372
10373
10375
10376
10378
10380
10381
10383
10386
10387
10390
10391
10392
10394
10396
10398
10399
10400
10401
10402
10404
10405
10407
10408
10411
10412
10413
10414
10418
10419
10420
10422
10423
10427
10428
10429
10430
10432
10433
10434
10435
10436
10437
10438
10441
10442
10450
10451
10455
10457
10459
10460
10461
10462
10463
10464
10465
10466
10468
10469
10470
10472
10474
10476
10478
10480
10481
10482
10483
10488
10492
10494
10497
10499
10500
10501
10502
10507
10508
10509
10512
10513
10514
10515
10516
10517
10520
10524
10526
10527
10528
10529
10530
10531
10533
10535
10538
10544
10546
10549
10550
10551
10553
10554
10555
10556
10558
10561
10562
10563
10564
10565
10569
10571
10572
10576
10578
10579
10583
10587
10588
10589
10590
10591
10592
10593
10594
10598
10600
10601
10602
10604
10605
10606
10608
10610
10614
10618
10620
10621
10622
10624
10625
10628
10629
10631
10634
10635
10636
10637
10638
10639
10641
10642
10647
10648
10650
10651
10654
10657
10659
10660
10662
10664
10666
10667
10669
10670
10672
10673
10677
10681
10682
10683
10684
10686
10689
10695
10696
10697
10700
10702
10706
10707
10708
10710
10711
10712
10713
10714
10715
10718
10719
10721
10722
10726
10727
10732
10735
10740
10747
10749
10750
10751
10752
10753
10755
10757
10759
10761
10763
10764
10765
10769
10772
10773
10775
10776
10777
10779
10780
10781
10783
10787
10790
10791
10792
10793
10794
10795
10796
10798
10800
10804
10805
10807
10808
10809
10810
10811
10812
10814
10815
10817
10820
10821
10822
10823
10825
10826
10827
10828
10830
10832
10835
10842
10845
10846
10848
10849
10853
10856
10858
10860
10861
10862
10864
10866
10867
10869
10870
10872
10873
10875
10876
10877
10879
10880
10881
10882
10884
10885
10886
10888
10889
10894
10895
10896
10897
10898
10899
10901
10902
10903
10904
10905
10906
10908
10909
10911
10913
10914
10915
10916
10917
10919
10920
10921
10923
10925
10926
10927
10928
10930
10932
10934
10935
10938
10940
10941
10944
10945
10946
10948
10950
10952
10953
10955
10956
10957
10958
10960
10961
10963
10964
10966
10967
10968
10972
10973
10976
10977
10978
10979
10981
10984
10986
10988
10991
10992
10993
10994
10995
10996
10997
10998
11000
11005
11006
11007
11008
11009
11011
11012
11014
11015
11018
11020
11023
11026
11027
11028
11031
11032
11033
11034
11038
11039
11041
11042
11044
11046
11047
11048
11049
11050
11051
11052
11055
11057
11058
11059
11062
11064
11066
11068
11070
11071
11074
11076
11077
11078
11080
11082
11086
11090
11091
11092
11093
11094
11096
11098
11100
11101
11102
11107
11108
11109
11110
11111
11113
11115
11119
11120
11121
11125
11126
11127
11129
11130
11131
11133
11136
11138
11139
11140
11141
11142
11143
11144
11145
11146
11148
11153
11159
11160
11162
11163
11164
11167
11168
11169
11171
11172
11173
11174
11175
11176
11177
11178
11180
11181
11182
11186
11187
11188
11189
11193
11194
11197
11198
11199
11200
11203
11205
11209
11210
11212
11213
11215
11216
11218
11221
11222
11226
11228
11232
11234
11235
11239
11240
11241
11242
11243
11245
11246
11247
11248
11249
11251
11252
11253
11254
11255
11256
11258
11259
11260
11261
11262
11263
11264
11265
11266
11267
11268
11269
11270
11271
11272
11273
11275
11278
11281
11282
11283
11284
11285
11286
11287
11289
11290
11291
11292
11293
11295
11298
11299
11300
11301
11302
11303
11304
11308
11309
11312
11313
11314
11315
11317
11318
11320
11323
11326
11327
11329
11330
11331
11335
11336
11337
11338
11342
11343
11345
11346
11350
11351
11352
11354
11357
11360
11361
11363
11366
11367
11368
11369
11373
11374
11375
11377
11378
11380
11381
11384
11386
11387
11389
11390
11393
11394
11395
11398
11399
11400
11402
11404
11405
11411
11412
11413
11414
11415
11416
11420
11422
11423
11426
11429
11430
11436
11437
11440
11444
11445
11447
11451
11452
11453
11454
11455
11457
11458
11459
11460
11461
11463
11464
11466
11467
11468
11469
11470
11471
11472
11479
11480
11481
11482
11485
11492
11493
11494
11495
11498
11499
11501
11502
11504
11505
11506
11507
11508
11509
11510
11512
11515
11517
11518
11519
11521
11524
11525
11527
11529
11530
11535
11536
11538
11539
11541
11542
11543
11545
11547
11548
11550
11551
11553
11557
11559
11560
11562
11563
11564
11567
11568
11569
11570
11571
11572
11573
11577
11578
11579
11583
11584
11585
11590
11593
11598
11599
11600
11602
11603
11604
11605
11606
11607
11608
11610
11612
11614
11617
11618
11621
11622
11623
11624
11625
11627
11628
11631
11633
11635
11637
11639
11641
11643
11644
11647
11648
11649
11651
11653
11654
11656
11657
11658
11660
11661
11663
11666
11667
11668
11669
11670
11671
11674
11677
11678
11682
11685
11689
11690
11691
11692
11693
11694
11695
11697
11699
11700
11701
11702
11704
11705
11709
11711
11712
11713
11714
11716
11717
11719
11720
11721
11722
11723
11724
11732
11733
11736
11737
11740
11741
11742
11744
11749
11750
11753
11754
11755
11756
11757
11758
11762
11764
11768
11770
11771
11776
11777
11778
11782
11784
11789
11790
11791
11792
11794
11798
11799
11800
11802
11803
11804
11805
11806
11808
11810
11814
11815
11816
11817
11818
11819
11821
11823
11824
11825
11829
11830
11834
11835
11836
11839
11840
11841
11842
11843
11844
11847
11848
11854
11855
11856
11859
11861
11862
11864
11865
11866
11867
11870
11871
11872
11873
11874
11875
11876
11879
11881
11883
11884
11888
11889
11890
11893
11894
11895
11896
11897
11898
11903
11904
11906
11909
11911
11912
11913
11916
11917
11918
11919
11920
11921
11924
11926
11929
11930
11932
11937
11939
11940
11942
11943
11944
11946
11947
11948
11950
11951
11953
11954
11958
11960
11961
11963
11964
11968
11969
11970
11971
11974
11975
11976
11977
11978
11979
11982
11984
11985
11986
11988
11991
11996
11997
11998
12003
12005
12006
12008
12010
12012
12013
12015
12016
12017
12020
12021
12022
12024
12027
12030
12031
12033
12034
12035
12036
12037
12038
12040
12042
12045
12046
12047
12048
12051
12053
12054
12055
12056
12057
12060
12062
12063
12065
12067
12068
12071
12073
12075
12076
12077
12080
12081
12083
12085
12087
12088
12089
12090
12091
12092
12093
12095
12096
12101
12104
12105
12107
12109
12110
12111
12113
12117
12118
12119
12121
12122
12127
12128
12129
12132
12133
12134
12135
12139
12140
12141
12142
12143
12145
12146
12147
12149
12150
12151
12154
12156
12159
12161
12162
12163
12166
12167
12169
12170
12171
12173
12175
12176
12179
12180
12181
12182
12183
12187
12188
12191
12200
12202
12203
12204
12205
12207
12209
12211
12212
12213
12214
12215
12216
12218
12219
12220
12222
12224
12233
12235
12236
12237
12238
12240
12241
12244
12245
12250
12256
12257
12258
12259
12262
12263
12264
12265
12266
12267
12269
12270
12271
12273
12278
12279
12284
12286
12288
12289
12290
12291
12292
12293
12294
12302
12303
12304
12305
12306
12307
12308
12313
12314
12315
12317
12318
12319
12325
12329
12330
12332
12333
12335
12337
12340
12341
12345
12346
12349
12351
12353
12355
12356
12357
12358
12359
12360
12361
12363
12365
12366
12369
12374
12375
12376
12377
12381
12382
12385
12386
12387
12388
12389
12390
12391
12392
12394
12395
12396
12398
12399
12401
12402
12403
12404
12406
12409
12411
12416
12419
12420
12421
12422
12424
12425
12427
12428
12431
12435
12436
12437
12438
12439
12440
12442
12443
12444
12445
12448
12449
12451
12453
12458
12460
12461
12464
12465
12468
12469
12471
12475
12476
12477
12479
12481
12483
12486
12487
12488
12491
12492
12495
12496
12498
12499
12502
12504
12505
12506
12507
12509
12513
12514
12515
12517
12519
12520
12522
12523
12525
12526
12527
12531
12532
12534
12535
12536
12539
12540
12541
12543
12545
12547
12549
12551
12552
12555
12556
12557
12563
12564
12566
12567
12568
12569
12570
12571
12573
12574
12576
12577
12578
12581
12582
12583
12584
12586
12590
12592
12594
12595
12596
12597
12600
12602
12603
12606
12607
12608
12609
12611
12613
12614
12618
12620
12623
12624
12626
12628
12630
12632
12635
12640
12641
12643
12646
12647
12648
12650
12651
12653
12654
12655
12656
12659
12661
12662
12663
12665
12668
12669
12670
12671
12672
12676
12677
12678
12679
12681
12688
12691
12692
12693
12694
12695
12696
12697
12698
12700
12708
12709
12711
12712
12713
12715
12717
12718
12719
12720
12721
12723
12724
12726
12727
12729
12730
12732
12733
12734
12735
12736
12737
12739
12742
12746
12747
12749
12750
12751
12752
12753
12754
12755
12758
12759
12761
12763
12764
12765
12766
12767
12769
12770
12772
12773
12775
12776
12778
12779
12783
12787
12789
12790
12792
12793
12794
12797
12798
12799
12804
12806
12809
12810
12811
12812
12813
12815
12818
12819
12820
12821
12822
12823
12826
12827
12831
12832
12833
12835
12836
12841
12842
12844
12847
12848
12849
12851
12853
12855
12857
12859
12860
12861
12863
12866
12867
12870
12871
12873
12874
12875
12876
12877
12879
12880
12881
12882
12883
12884
12885
12887
12888
12889
12890
12891
12893
12895
12897
12899
12900
12901
12903
12904
12905
12906
12907
12910
12913
12915
12916
12917
12918
12919
12921
12922
12923
12924
12927
12929
12931
12932
12934
12935
12940
12942
12943
12944
12947
12948
12954
12955
12960
12962
12968
12969
12970
12971
12973
12975
12976
12977
12979
12983
12984
12986
12987
12989
12991
12995
12996
12997
12998
13000
13002
13003
13004
13006
13010
13013
13015
13019
13021
13022
13023
13024
13025
13026
13027
13028
13030
13032
13034
13035
13036
13037
13038
13039
13040
13041
13042
13044
13046
13049
13052
13053
13055
13056
13057
13059
13062
13064
13066
13067
13069
13070
13071
13073
13074
13075
13076
13077
13078
13079
13080
13081
13082
13084
13085
13086
13087
13089
13091
13092
13093
13094
13096
13097
13098
13099
13101
13102
13104
13105
13106
13109
13110
13115
13117
13118
13119
13123
13126
13127
13129
13134
13136
13137
13138
13139
13142
13144
13146
13147
13148
13149
13152
13153
13154
13157
13159
13160
13161
13162
13164
13167
13168
13169
13170
13172
13173
13174
13175
13176
13179
13180
13183
13185
13189
13190
13191
13192
13193
13194
13196
13197
13198
13199
13200
13201
13203
13204
13206
13208
13209
13210
13211
13212
13213
13214
13215
13217
13218
13221
13222
13226
13228
13229
13230
13231
13233
13236
13237
13238
13239
13240
13244
13246
13247
13249
13250
13251
13252
13253
13254
13255
13259
13260
13261
13262
13263
13264
13267
13268
13269
13270
13271
13272
13274
13275
13276
13279
13280
13281
13283
13284
13285
13287
13290
13291
13294
13296
13297
13299
13303
13305
13307
13308
13309
13310
13313
13314
13315
13316
13317
13318
13319
13320
13321
13322
13324
13327
13328
13329
13331
13332
13334
13335
13337
13338
13341
13342
13343
13344
13345
13346
13347
13349
13350
13353
13358
13360
13362
13363
13364
13366
13369
13373
13374
13376
13377
13380
13381
13384
13386
13387
13389
13391
13392
13393
13395
13396
13398
13399
13400
13401
13403
13407
13409
13410
13414
13415
13416
13417
13419
13420
13421
13423
13424
13425
13427
13432
13435
13438
13439
13440
13441
13443
13446
13448
13449
13450
13451
13452
13453
13454
13456
13457
13458
13461
13463
13467
13469
13470
13472
13473
13474
13479
13481
13483
13484
13485
13490
13491
13492
13493
13494
13495
13496
13497
13498
13499
13500
13501
13504
13506
13511
13512
13515
13517
13520
13522
13523
13524
13526
13527
13529
13530
13535
13537
13538
13539
13540
13543
13544
13547
13548
13549
13550
13552
13553
13555
13558
13559
13560
13564
13565
13567
13572
13576
13577
13578
13579
13581
13582
13583
13584
13585
13586
13587
13590
13592
13594
13595
13596
13603
13604
13605
13607
13609
13610
13611
13612
13613
13614
13616
13617
13618
13620
13621
13622
13623
13627
13628
13632
13633
13635
13636
13638
13639
13641
13643
13644
13645
13646
13648
13651
13652
13653
13657
13658
13662
13665
13667
13668
13669
13671
13672
13673
13674
13675
13678
13679
13682
13684
13687
13688
13693
13694
13695
13697
13700
13701
13702
13706
13707
13708
13709
13711
13712
13714
13715
13717
13719
13723
13725
13726
13728
13730
13731
13732
13735
13736
13739
13740
13741
13742
13747
13749
13751
13752
13753
13755
13756
13760
13761
13762
13763
13764
13767
13768
13770
13771
13772
13773
13779
13780
13782
13783
13785
13786
13787
13788
13789
13790
13793
13794
13796
13797
13798
13799
13801
13802
13803
13804
13805
13806
13807
13811
13812
13814
13815
13816
13819
13820
13821
13822
13824
13826
13827
13828
13831
13832
13833
13834
13836
13837
13839
13840
13841
13842
13843
13844
13848
13849
13850
13854
13857
13858
13859
13861
13866
13867
13868
13869
13870
13871
13872
13873
13874
13875
13878
13879
13880
13881
13883
13888
13892
13896
13897
13898
13899
13900
13902
13907
13909
13911
13912
13919
13920
13922
13925
13926
13928
13930
13931
13932
13933
13934
13937
13939
13942
13943
13945
13946
13951
13952
13954
13955
13956
13957
13959
13961
13962
13965
13970
13971
13973
13975
13976
13977
13978
13979
13980
13981
13982
13989
13990
13991
13994
13997
14000
14001
14002
14004
14005
14006
14011
14013
14017
14018
14019
14020
14022
14024
14026
14027
14028
14029
14030
14031
14034
14035
14036
14038
14039
14040
14042
14044
14046
14047
14049
14050
14051
14053
14054
14055
14056
14060
14063
14064
14069
14072
14073
14076
14078
14079
14080
14082
14083
14084
14085
14086
14092
14094
14095
14096
14098
14100
14101
14102
14104
14105
14106
14111
14114
14115
14117
14121
14123
14124
14126
14129
14132
14136
14137
14139
14140
14141
14143
14144
14145
14146
14148
14149
14152
14153
14154
14155
14157
14158
14160
14163
14164
14166
14169
14171
14173
14174
14175
14177
14178
14179
14180
14181
14183
14184
14188
14190
14193
14201
14202
14204
14205
14207
14209
14210
14211
14212
14216
14217
14218
14219
14220
14223
14225
14226
14228
14231
14234
14235
14236
14237
14238
14239
14240
14241
14242
14243
14244
14246
14248
14253
14255
14256
14257
14258
14259
14261
14263
14264
14265
14268
14269
14276
14277
14278
14281
14282
14283
14284
14288
14289
14290
14291
14293
14295
14296
14297
14298
14299
14302
14303
14304
14305
14306
14307
14308
14309
14310
14312
14313
14315
14318
14319
14322
14323
14324
14325
14326
14327
14328
14329
14331
14332
14338
14339
14341
14342
14345
14349
14350
14354
14355
14356
14358
14359
14360
14363
14364
14365
14369
14371
14372
14373
14374
14375
14376
14380
14382
14383
14384
14388
14390
14391
14393
14397
14399
14402
14403
14407
14408
14410
14411
14415
14417
14418
14419
14420
14422
14423
14425
14426
14428
14430
14432
14434
14435
14436
14437
14438
14440
14441
14442
14444
14445
14446
14447
14448
14449
14450
14451
14452
14455
14458
14459
14462
14463
14464
14465
14466
14470
14471
14472
14473
14475
14479
14480
14481
14482
14484
14485
14486
14487
14489
14493
14495
14497
14499
14500
14502
14503
14504
14505
14506
14507
14509
14511
14512
14515
14520
14521
14524
14526
14528
14529
14531
14535
14536
14538
14539
14542
14545
14546
14548
14549
14551
14552
14554
14556
14557
14558
14559
14562
14563
14565
14568
14570
14571
14572
14574
14575
14576
14578
14580
14581
14582
14583
14584
14585
14586
14587
14588
14590
14591
14593
14594
14595
14597
14599
14603
14604
14605
14607
14612
14614
14615
14619
14621
14623
14624
14625
14627
14631
14632
14634
14635
14636
14637
14639
14641
14642
14643
14644
14645
14646
14648
14649
14652
14654
14655
14656
14658
14659
14660
14661
14662
14664
14665
14666
14668
14669
14670
14673
14674
14677
14679
14682
14683
14684
14686
14687
14688
14689
14691
14692
14694
14695
14696
14697
14698
14699
14700
14701
14702
14703
14704
14705
14707
14711
14712
14713
14714
14715
14717
14719
14720
14721
14722
14724
14725
14727
14730
14731
14733
14735
14737
14738
14741
14742
14744
14745
14746
14747
14749
14751
14754
14759
14760
14761
14762
14763
14765
14767
14768
14770
14771
14773
14774
14775
14780
14781
14782
14783
14784
14785
14787
14789
14791
14795
14796
14798
14799
14801
14802
14803
14808
14810
14811
14812
14815
14818
14819
14823
14824
14825
14826
14830
14831
14832
14833
14834
14835
14837
14839
14840
14842
14843
14844
14846
14847
14850
14851
14853
14855
14859
14860
14862
14864
14866
14869
14870
14872
14876
14877
14880
14881
14883
14884
14885
14886
14887
14890
14891
14892
14893
14894
14895
14896
14897
14898
14899
14902
14905
14906
14907
14908
14909
14910
14912
14914
14918
14920
14922
14923
14924
14925
14926
14927
14929
14930
14931
14932
14934
14935
14937
14938
14939
14941
14945
14946
14949
14950
14954
14956
14957
14958
14959
14960
14963
14965
14967
14968
14970
14971
14972
14973
14974
14975
14976
14977
14979
14981
14982
14983
14984
14987
14988
14989
14990
14991
14992
14993
14996
14997
14998
14999
15004
15005
15008
15010
15011
15017
15018
15019
15021
15023
15025
15026
15028
15029
15034
15035
15038
15040
15043
15044
15045
15047
15049
15053
15055
15056
15058
15063
15065
15070
15072
15076
15079
15081
15085
15088
15089
15092
15093
15094
15096
15098
15100
15101
15102
15103
15107
15108
15109
15110
15111
15112
15113
15115
15116
15117
15118
15120
15122
15123
15124
15125
15126
15128
15129
15130
15131
15133
15134
15136
15137
15138
15140
15141
15142
15143
15145
15148
15149
15150
15151
15152
15153
15156
15158
15159
15160
15163
15165
15166
15167
15168
15170
15172
15176
15177
15178
15179
15181
15183
15184
15185
15186
15188
15189
15190
15193
15194
15195
15197
15198
15199
15207
15208
15209
15211
15212
15214
15216
15217
15218
15222
15223
15224
15227
15228
15229
15230
15231
15232
15233
15236
15237
15238
15239
15240
15241
15242
15244
15245
15247
15248
15249
15250
15254
15255
15256
15258
15259
15260
15261
15262
15263
15265
15266
15268
15269
15270
15271
15274
15276
15278
15279
15280
15282
15284
15288
15289
15291
15292
15293
15294
15296
15297
15299
15300
15302
15303
15308
15309
15310
15314
15315
15316
15317
15318
15320
15322
15324
15325
15327
15329
15330
15331
15333
15334
15335
15337
15340
15342
15344
15345
15346
15349
15350
15351
15353
15358
15361
15362
15363
15370
15374
15379
15380
15381
15382
15383
15385
15389
15391
15393
15394
15395
15396
15398
15399
15401
15402
15404
15406
15408
15410
15413
15415
15418
15419
15421
15423
15424
15426
15427
15428
15429
15430
15435
15436
15437
15438
15440
15444
15445
15446
15447
15448
15449
15450
15451
15452
15453
15454
15456
15459
15461
15462
15464
15466
15467
15468
15469
15472
15474
15476
15479
15480
15481
15482
15486
15488
15489
15490
15491
15492
15496
15499
15504
15506
15507
15508
15509
15510
15511
15512
15516
15518
15520
15521
15522
15523
15524
15526
15530
15531
15532
15533
15536
15537
15538
15540
15542
15545
15547
15548
15550
15551
15553
15556
15559
15563
15564
15565
15566
15567
15568
15572
15573
15574
15575
15576
15577
15579
15581
15582
15583
15584
15585
15586
15587
15588
15590
15592
15593
15594
15595
15596
15598
15600
15601
15603
15604
15605
15606
15607
15609
15610
15614
15615
15616
15617
15619
15620
15622
15623
15625
15626
15629
15630
15631
15632
15633
15635
15637
15640
15641
15642
15643
15645
15647
15648
15649
15651
15652
15655
15656
15657
15659
15661
15666
15669
15670
15672
15674
15677
15678
15679
15683
15689
15690
15693
15694
15695
15696
15698
15699
15700
15703
15704
15708
15710
15711
15712
15713
15714
15715
15718
15719
15721
15722
15723
15727
15728
15731
15733
15735
15736
15737
15738
15739
15740
15743
15745
15746
15747
15748
15750
15751
15753
15755
15756
15758
15759
15762
15763
15768
15769
15771
15773
15775
15776
15777
15779
15780
15783
15784
15785
15786
15791
15793
15794
15795
15797
15800
15801
15804
15807
15808
15810
15811
15814
15816
15817
15820
15821
15822
15823
15824
15825
15826
15829
15832
15836
15838
15840
15843
15845
15848
15849
15850
15853
15855
15858
15859
15860
15861
15862
15865
15866
15867
15870
15871
15872
15875
15877
15879
15881
15885
15888
15890
15891
15892
15893
15895
15896
15897
15898
15899
15900
15903
15905
15906
15907
15908
15909
15910
15911
15912
15913
15914
15915
15916
15917
15918
15920
15924
15926
15930
15932
15934
15935
15936
15939
15940
15942
15943
15944
15947
15948
15949
15952
15953
15954
15955
15956
15958
15959
15960
15961
15962
15964
15965
15968
15971
15976
15977
15978
15981
15982
15985
15986
15988
15989
15990
15992
15993
15998
16000
16001
16002
16004
16005
16007
16010
16011
16014
16015
16016
16017
16019
16020
16021
16022
16023
16024
16025
16026
16028
16029
16030
16031
16032
16033
16035
16038
16040
16041
16047
16049
16050
16053
16054
16055
16057
16058
16060
16062
16064
16065
16067
16070
16073
16074
16078
16080
16081
16082
16083
16085
16086
16087
16088
16089
16092
16097
16098
16101
16102
16105
16106
16108
16110
16113
16114
16116
16117
16118
16120
16121
16124
16126
16129
16130
16132
16133
16134
16136
16138
16139
16140
16141
16142
16144
16152
16154
16156
16159
16161
16162
16163
16164
16166
16167
16169
16170
16172
16174
16177
16178
16180
16182
16185
16187
16188
16189
16190
16191
16193
16194
16195
16196
16198
16201
16202
16203
16205
16206
16207
16211
16213
16214
16216
16217
16219
16223
16224
16226
16229
16230
16233
16237
16238
16240
16241
16242
16243
16247
16248
16251
16253
16255
16256
16258
16259
16260
16266
16268
16270
16272
16273
16275
16279
16281
16287
16288
16289
16292
16294
16300
16301
16302
16303
16304
16306
16307
16310
16311
16312
16313
16314
16318
16321
16323
16325
16328
16330
16331
16332
16333
16334
16336
16337
16341
16342
16343
16347
16350
16353
16357
16360
16362
16367
16370
16375
16376
16377
16378
16379
16380
16381
16383
16385
16387
16390
16391
16392
16395
16396
16397
16398
16399
16402
16404
16406
16407
16408
16416
16417
16418
16419
16420
16422
16425
16426
16427
16429
16431
16433
16444
16446
16447
16448
16449
16450
16451
16453
16457
16458
16459
16460
16462
16464
16465
16467
16468
16469
16470
16471
16472
16473
16474
16475
16478
16482
16486
16496
16497
16500
16501
16503
16504
16505
16506
16508
16511
16512
16515
16518
16520
16523
16524
16525
16526
16528
16529
16531
16532
16538
16540
16547
16548
16549
16551
16552
16555
16556
16557
16558
16560
16566
16568
16574
16575
16577
16578
16580
16582
16585
16589
16592
16593
16596
16598
16600
16602
16604
16607
16608
16609
16611
16612
16615
16618
16622
16626
16627
16628
16629
16630
16631
16635
16636
16638
16639
16642
16643
16646
16650
16651
16652
16653
16655
16656
16662
16663
16664
16665
16669
16670
16673
16674
16676
16677
16678
16680
16682
16684
16686
16687
16688
16689
16691
16693
16695
16698
16699
16701
16702
16704
16705
16706
16709
16710
16711
16713
16717
16720
16722
16724
16725
16726
16727
16728
16729
16730
16732
16733
16734
16738
16741
16743
16744
16747
16749
16751
16752
16756
16757
16758
16759
16760
16761
16762
16763
16766
16767
16768
16769
16770
16771
16773
16775
16778
16779
16780
16781
16783
16787
16789
16790
16791
16794
16796
16797
16798
16802
16804
16806
16807
16808
16811
16814
16815
16817
16818
16819
16820
16823
16824
16825
16828
16829
16831
16835
16836
16838
16839
16840
16841
16843
16845
16847
16851
16854
16855
16857
16859
16860
16863
16867
16868
16870
16872
16873
16875
16876
16879
16880
16882
16886
16888
16889
16891
16894
16896
16897
16900
16901
16903
16904
16905
16906
16907
16909
16910
16911
16912
16914
16918
16920
16922
16929
16933
16935
16937
16938
16940
16941
16942
16943
16948
16949
16950
16951
16952
16953
16954
16956
16959
16960
16961
16963
16966
16967
16968
16972
16974
16975
16976
16977
16978
16982
16987
16990
16991
16992
16993
16994
16998
16999
17000
17002
17004
17005
17006
17011
17013
17014
17015
17017
17019
17020
17022
17023
17024
17026
17032
17035
17036
17037
17038
17040
17042
17045
17046
17047
17053
17055
17056
17058
17060
17061
17062
17063
17064
17065
17066
17067
17069
17070
17073
17074
17075
17078
17080
17082
17083
17084
17087
17088
17089
17090
17093
17094
17095
17096
17098
17099
17101
17102
17103
17104
17105
17107
17111
17112
17113
17114
17115
17116
17117
17118
17119
17120
17121
17122
17124
17125
17126
17127
17129
17130
17131
17132
17133
17134
17136
17138
17141
17142
17144
17145
17146
17147
17148
17149
17150
17151
17152
17153
17154
17156
17157
17160
17161
17162
17164
17165
17167
17168
17169
17170
17172
17173
17176
17177
17178
17184
17185
17186
17187
17190
17192
17194
17196
17197
17199
17200
17204
17205
17206
17207
17208
17209
17210
17212
17213
17214
17215
17216
17219
17221
17222
17223
17225
17226
17228
17229
17230
17231
17232
17233
17235
17240
17241
17242
17244
17247
17248
17249
17250
17251
17252
17257
17259
17261
17264
17265
17266
17267
17270
17274
17275
17277
17279
17284
17286
17289
17290
17291
17293
17294
17295
17296
17298
17299
17300
17302
17303
17304
17307
17309
17310
17311
17313
17315
17316
17317
17318
17319
17320
17323
17324
17326
17328
17329
17333
17336
17338
17339
17342
17343
17344
17345
17348
17349
17351
17352
17354
17359
17360
17364
17365
17367
17369
17370
17371
17373
17375
17376
17377
17378
17379
17380
17382
17385
17386
17387
17388
17393
17394
17399
17402
17403
17404
17405
17406
17408
17410
17411
17415
17416
17417
17420
17422
17427
17430
17431
17432
17433
17434
17435
17439
17440
17441
17442
17444
17445
17446
17447
17449
17450
17451
17452
17454
17455
17456
17460
17464
17466
17471
17472
17473
17475
17476
17477
17478
17479
17482
17485
17487
17488
17489
17490
17491
17494
17497
17498
17499
17500
17502
17505
17506
17507
17508
17509
17510
17511
17513
17514
17516
17517
17518
17520
17523
17524
17526
17528
17531
17534
17536
17537
17539
17541
17543
17544
17545
17547
17548
17552
17553
17554
17558
17559
17565
17566
17567
17568
17569
17570
17572
17575
17576
17578
17579
17580
17582
17586
17588
17590
17592
17593
17595
17598
17599
17600
17601
17603
17607
17609
17611
17613
17614
17615
17621
17625
17627
17628
17629
17630
17631
17633
17634
17636
17638
17639
17640
17643
17645
17646
17648
17649
17650
17652
17653
17654
17656
17657
17658
17660
17661
17662
17663
17665
17666
17667
17671
17674
17675
17679
17681
17682
17683
17684
17685
17686
17688
17690
17698
17701
17702
17704
17705
17708
17710
17713
17714
17715
17717
17719
17720
17723
17725
17727
17728
17729
17730
17732
17733
17734
17741
17744
17745
17748
17751
17752
17754
17755
17756
17757
17758
17759
17760
17761
17762
17766
17767
17769
17770
17771
17772
17773
17774
17776
17779
17780
17781
17783
17784
17785
17788
17792
17796
17797
17799
17801
17802
17804
17806
17809
17814
17815
17816
17817
17818
17819
17823
17825
17826
17829
17831
17833
17834
17835
17836
17837
17838
17839
17841
17842
17844
17846
17849
17852
17854
17856
17859
17860
17862
17864
17865
17866
17868
17869
17870
17875
17876
17879
17880
17881
17883
17884
17885
17887
17888
17890
17892
17894
17895
17896
17897
17898
17901
17902
17903
17904
17905
17906
17908
17909
17910
17914
17916
17917
17918
17920
17922
17923
17926
17927
17928
17931
17932
17935
17936
17937
17938
17940
17946
17948
17949
17950
17951
17952
17955
17958
17959
17962
17966
17970
17973
17974
17975
17977
17979
17981
17983
17984
17985
17986
17988
17993
17994
17995
17996
17997
17998
17999
18002
18005
18006
18007
18008
18011
18013
18014
18015
18017
18020
18022
18023
18025
18027
18028
18029
18030
18032
18035
18037
18038
18041
18044
18045
18055
18056
18057
18059
18061
18062
18064
18066
18067
18068
18069
18071
18072
18073
18074
18076
18077
18081
18083
18085
18086
18089
18091
18092
18093
18094
18095
18096
18097
18098
18099
18100
18101
18104
18105
18107
18108
18109
18110
18111
18112
18113
18115
18116
18117
18121
18122
18126
18128
18129
18130
18131
18132
18133
18137
18139
18141
18143
18148
18150
18152
18154
18156
18157
18158
18159
18163
18166
18167
18169
18171
18172
18173
18174
18175
18176
18180
18185
18188
18190
18191
18193
18194
18197
18199
18200
18201
18202
18204
18207
18211
18212
18214
18215
18217
18220
18222
18223
18228
18232
18235
18236
18238
18239
18240
18241
18243
18245
18246
18248
18249
18251
18252
18253
18254
18255
18256
18257
18260
18267
18269
18270
18271
18272
18273
18274
18275
18277
18281
18282
18284
18288
18289
18290
18293
18294
18295
18296
18298
18301
18304
18305
18307
18310
18311
18314
18317
18319
18320
18321
18325
18326
18328
18329
18331
18332
18333
18334
18335
18337
18339
18340
18341
18343
18344
18346
18348
18349
18351
18353
18355
18361
18362
18363
18364
18368
18370
18374
18376
18377
18378
18379
18380
18381
18385
18388
18389
18390
18392
18395
18397
18399
18400
18401
18402
18403
18405
18406
18407
18408
18409
18410
18417
18418
18420
18423
18427
18429
18430
18431
18432
18433
18434
18435
18436
18437
18438
18441
18442
18444
18445
18447
18448
18449
18450
18451
18452
18453
18456
18458
18460
18463
18464
18467
18469
18470
18472
18473
18474
18476
18477
18482
18483
18487
18488
18489
18490
18493
18494
18495
18496
18498
18499
18502
18504
18505
18506
18508
18509
18510
18511
18512
18513
18514
18515
18516
18518
18519
18520
18522
18524
18527
18531
18536
18537
18538
18539
18544
18546
18547
18550
18551
18552
18553
18554
18556
18557
18558
18559
18560
18561
18562
18563
18564
18568
18569
18571
18572
18573
18575
18576
18577
18579
18583
18584
18585
18586
18590
18591
18594
18595
18596
18598
18601
18603
18604
18605
18606
18608
18609
18610
18611
18612
18613
18615
18616
18617
18618
18619
18621
18623
18624
18625
18627
18628
18629
18631
18632
18635
18638
18639
18640
18641
18643
18644
18646
18649
18650
18651
18653
18654
18655
18656
18658
18659
18661
18663
18665
18668
18673
18674
18677
18678
18682
18683
18684
18688
18689
18691
18692
18694
18695
18696
18698
18700
18707
18709
18711
18712
18717
18722
18723
18725
18727
18728
18734
18735
18741
18742
18743
18747
18749
18750
18751
18752
18753
18755
18756
18764
18765
18769
18770
18771
18774
18777
18779
18783
18784
18789
18790
18791
18792
18793
18797
18798
18799
18802
18803
18804
18807
18808
18809
18811
18812
18813
18814
18815
18816
18817
18819
18820
18821
18823
18825
18826
18829
18831
18832
18833
18835
18838
18839
18840
18841
18843
18845
18848
18850
18851
18853
18856
18857
18858
18860
18861
18862
18863
18864
18865
18867
18868
18869
18870
18871
18873
18874
18876
18878
18879
18880
18882
18884
18885
18886
18887
18888
18892
18894
18896
18899
18900
18902
18903
18904
18907
18908
18912
18915
18916
18920
18921
18922
18923
18927
18929
18933
18935
18937
18938
18941
18942
18943
18944
18948
18949
18950
18955
18957
18958
18961
18963
18966
18967
18969
18970
18971
18972
18973
18975
18976
18977
18979
18982
18983
18985
18987
18989
18990
18991
18992
18993
18995
18996
18999
19004
19007
19008
19009
19011
19012
19013
19015
19016
19018
19020
19021
19022
19024
19025
19026
19033
19034
19036
19038
19040
19042
19045
19046
19048
19051
19052
19054
19055
19056
19059
19060
19062
19064
19065
19067
19068
19070
19071
19073
19074
19075
19076
19078
19079
19083
19085
19086
19087
19088
19091
19093
19095
19096
19098
19099
19101
19102
19103
19105
19106
19107
19108
19111
19115
19116
19119
19120
19124
19125
19127
19128
19129
19130
19131
19134
19135
19136
19137
19139
19141
19142
19144
19146
19151
19154
19155
19156
19157
19159
19160
19161
19162
19164
19165
19166
19167
19174
19177
19180
19182
19184
19185
19186
19187
19188
19192
19193
19197
19198
19199
19200
19202
19203
19205
19206
19207
19210
19211
19216
19218
19220
19221
19222
19224
19225
19226
19227
19229
19232
19233
19235
19238
19240
19241
19246
19248
19249
19250
19255
19256
19257
19259
19262
19265
19266
19272
19274
19277
19278
19280
19281
19282
19285
19287
19288
19289
19290
19291
19292
19293
19294
19298
19301
19302
19305
19307
19310
19311
19315
19317
19318
19319
19320
19324
19325
19326
19327
19328
19329
19331
19332
19333
19335
19336
19339
19341
19342
19343
19348
19350
19352
19354
19355
19356
19357
19358
19359
19361
19364
19365
19366
19367
19369
19371
19372
19374
19375
19377
19378
19379
19380
19381
19384
19385
19386
19387
19388
19391
19392
19394
19396
19397
19398
19400
19401
19402
19404
19406
19407
19409
19412
19417
19419
19423
19424
19425
19427
19429
19430
19431
19432
19433
19434
19435
19436
19438
19440
19442
19443
19445
19446
19447
19449
19450
19454
19455
19457
19461
19463
19464
19467
19470
19471
19473
19474
19475
19477
19479
19480
19483
19484
19485
19488
19489
19491
19492
19493
19494
19497
19498
19500
19501
19503
19505
19506
19508
19511
19512
19513
19514
19515
19516
19517
19519
19521
19523
19525
19526
19527
19529
19530
19531
19534
19535
19537
19538
19539
19540
19542
19543
19544
19545
19546
19548
19549
19550
19552
19553
19554
19556
19560
19561
19562
19565
19566
19567
19569
19570
19574
19576
19580
19583
19584
19588
19590
19592
19593
19596
19600
19601
19602
19604
19606
19607
19608
19609
19610
19611
19612
19613
19616
19617
19621
19623
19624
19626
19628
19629
19630
19633
19638
19639
19643
19644
19646
19649
19650
19654
19655
19657
19659
19661
19662
19664
19665
19666
19667
19668
19670
19671
19672
19678
19679
19680
19681
19682
19683
19685
19686
19689
19693
19694
19695
19700
19701
19702
19704
19705
19707
19708
19709
19710
19711
19712
19714
19716
19717
19718
19720
19721
19725
19726
19727
19728
19729
19730
19731
19732
19733
19735
19737
19738
19739
19740
19741
19743
19744
19745
19747
19748
19749
19750
19751
19752
19754
19757
19758
19759
19760
19764
19765
19766
19770
19775
19776
19777
19778
19780
19782
19785
19786
19787
19790
19791
19792
19793
19795
19797
19800
19802
19804
19805
19806
19809
19812
19813
19814
19817
19818
19820
19823
19824
19828
19829
19833
19834
19835
19837
19838
19839
19840
19843
19845
19847
19848
19849
19851
19854
19856
19860
19862
19863
19866
19867
19868
19869
19870
19872
19873
19875
19876
19878
19880
19881
19884
19885
19888
19889
19890
19891
19892
19893
19894
19895
19897
19905
19906
19907
19908
19910
19911
19915
19916
19920
19921
19922
19923
19924
19925
19926
19927
19929
19930
19931
19934
19936
19937
19938
19939
19940
19941
19942
19944
19945
19946
19948
19949
19951
19952
19954
19955
19956
19960
19963
19965
19968
19971
19972
19973
19974
19975
19977
19978
19980
19982
19986
19987
19989
19990
19991
19992
19994
19995
19998
19999
20000
