FoundationOFish 2
WingBucket5pc 1
Singer 1
BreakfastPopiah 1
FoundationOFish 2
Singer 2
Singer 2
BreakfastPopiah 2
Crispy 3
FoundationOFish 2
BreakfastPopiah 3
Crispy 4
BreakfastPopiah 4
WingBucket2pc 2
BreakfastPopiah 5
BreakfastPopiah 6
Singer 2
Crispy 4
BreakfastPopiah 6
Spicy 2
Crispy 4
Crispy 4
Crispy 4
BreakfastPopiah 6
Crispy 4
Spicy 2
BreakfastPopiah 6
BreakfastPopiah 6
Spicy 2
Crispy 4
JoyCombo 2
Crispy 4
BreakfastPopiah 6
Stacker 2
Stacker 2
WingBucket2pc 4
BreakfastPopiah 6
Spicy 2
Spicy 3
