9 10 8 6 4 1 5 3 7 2
3 10 8 9 4 1 5 7 6 2
3 10 8 9 4 1 5 6 7 2
2 3 7 5 1 4 6 8 10 9
2 4 8 10 1 3 6 5 7 9
1 7 10 6 9 2 4 8 5 3
2 7 3 5 1 4 6 8 9 10
10 9 8 6 4 1 5 3 7 2
9 5 1 3 2 4 7 10 8 6
7 9 5 6 3 1 10 2 8 4
3 8 5 4 2 9 6 10 7 1
7 1 5 9 8 10 3 6 2 4
3 8 6 10 1 7 2 5 4 9
10 8 6 1 3 7 2 5 9 4
4 8 2 10 1 3 5 6 9 7
4 2 6 3 10 8 9 5 1 7
3 10 8 9 4 1 5 7 6 2
3 10 8 9 1 5 6 7 4 2
4 9 5 2 7 3 8 6 10 1
8 6 10 7 4 2 3 1 5 9
9 5 7 6 8 10 3 1 4 2
10 9 8 6 4 1 5 3 7 2
2 7 6 5 1 9 8 10 3 4
9 10 8 6 4 1 5 7 3 2
2 3 7 5 1 4 6 8 9 10
4 2 3 7 5 1 6 8 9 10
2 3 7 5 1 4 6 8 10 9
2 4 7 9 6 5 3 1 10 8
7 1 9 5 10 8 3 6 2 4
7 1 5 9 8 10 3 6 2 4
