8 7 3 4 10 5 1 9 2 6
8 3 7 4 10 5 1 9 2 6
1 3 2 6 4 5 8 10 7 9
1 9 6 5 10 3 8 2 4 7
4 10 2 6 5 1 3 9 7 8
9 10 7 5 8 4 6 2 3 1
3 4 10 8 7 6 9 2 1 5
5 1 9 2 7 6 8 10 4 3
1 3 2 6 4 8 5 7 10 9
9 1 6 5 10 3 8 2 4 7
8 7 3 4 10 5 1 9 2 6
3 4 10 8 7 6 9 2 1 5
9 6 5 2 7 3 10 4 8 1
1 8 4 10 3 7 2 5 6 9
2 3 6 9 1 10 5 4 7 8
6 9 10 7 8 3 2 4 1 5
5 2 4 10 7 1 3 8 6 9
8 7 3 9 1 5 6 2 10 4
9 6 5 2 7 3 10 4 8 1
7 8 10 6 9 3 2 4 1 5
9 7 10 8 5 4 6 2 3 1
9 7 10 8 5 4 6 2 3 1
6 2 9 1 10 5 4 7 3 8
1 9 6 5 10 3 8 2 7 4
8 7 3 4 10 5 1 9 2 6
1 9 6 5 10 3 8 2 4 7
6 2 9 1 5 10 4 7 3 8
4 10 2 6 5 1 9 3 7 8
9 10 7 8 5 4 6 2 3 1
4 10 2 6 5 1 9 3 7 8
