1 4 6 2 8 7 9 3 5 10
6 8 7 2 10 5 1 4 9 3
1 3 2 10 7 5 8 4 9 6
6 3 9 4 2 1 5 10 7 8
3 5 9 2 6 4 7 8 1 10
8 9 3 6 1 2 5 7 4 10
10 4 7 2 5 6 1 3 9 8
8 9 3 6 1 2 5 7 4 10
3 1 2 10 7 5 8 4 9 6
6 9 4 8 5 7 10 2 3 1
1 4 6 2 8 7 9 5 3 10
10 5 3 9 7 8 2 6 4 1
2 4 8 9 3 10 6 7 1 5
3 1 9 4 10 7 6 8 5 2
8 9 3 6 1 2 5 7 4 10
9 4 6 10 5 8 1 2 3 7
6 8 7 2 10 5 1 4 9 3
10 3 5 9 7 8 2 6 4 1
10 1 7 8 4 2 9 6 5 3
2 5 8 6 7 10 4 1 9 3
10 1 8 7 4 2 6 9 5 3
10 3 7 6 8 2 5 1 9 4
8 7 10 5 1 2 9 4 3 6
1 4 6 2 8 7 9 3 5 10
8 9 3 1 6 2 5 7 4 10
1 3 2 10 7 5 8 4 9 6
2 8 4 9 3 10 6 7 5 1
10 3 7 6 8 2 5 1 9 4
2 5 8 6 7 10 4 1 9 3
9 4 6 10 5 8 1 2 3 7
